<?xml version="1.0" encoding="UTF-8"?>
<!-- Generated by org.testng.reporters.JUnitXMLReporter -->
<testsuite ignored="0" hostname="APL-PG02H75Z" failures="1" tests="1" name="Opencart" time="26.622" errors="0" timestamp="2025-08-06T20:34:37 IST">
  <testcase classname="TestCases.LoginDataDrivenTest" name="verify_DDTLogin" time="0.0">
    <failure type="java.lang.RuntimeException" message="java.lang.NullPointerException: Cannot invoke &amp;quot;org.apache.poi.xssf.usermodel.XSSFSheet.getLastRowNum()&amp;quot; because &amp;quot;this.sheet&amp;quot; is null">
      <![CDATA[java.lang.RuntimeException: java.lang.NullPointerException: Cannot invoke "org.apache.poi.xssf.usermodel.XSSFSheet.getLastRowNum()" because "this.sheet" is null
at java.base/java.util.ArrayList.forEach(ArrayList.java:1596)
at com.intellij.rt.testng.IDEARemoteTestNG.run(IDEARemoteTestNG.java:65)
at com.intellij.rt.testng.RemoteTestNGStarter.main(RemoteTestNGStarter.java:105)
Caused by: java.lang.NullPointerException: Cannot invoke "org.apache.poi.xssf.usermodel.XSSFSheet.getLastRowNum()" because "this.sheet" is null
at Utilities.ExcelUtility.getRowCount(ExcelUtility.java:30)
at Utilities.DataProviders.getData(DataProviders.java:14)
... 24 more
... Removed 27 stack frames]]>
    </failure>
  </testcase> <!-- verify_DDTLogin -->
</testsuite> <!-- Opencart -->
